Mar 02, 2021 9:10:55 PM HTTPServer.HTTPServer main
INFO: Server started.... 
 Port is open on 8080
Mar 02, 2021 9:13:01 PM HTTPServer.HTTPServer main
INFO: Server started.... 
 Port is open on 8080
Mar 02, 2021 9:13:12 PM HTTPServer.HTTPServer main
INFO: Connection established on date: Tue Mar 02 21:13:12 CET 2021

Mar 02, 2021 9:13:12 PM HTTPServer.HTTPServer parseRequest
INFO: abc
Mar 02, 2021 9:13:12 PM HTTPServer.HTTPServer parseRequest
INFO: /
Mar 02, 2021 9:13:12 PM HTTPServer.HTTPServer parseRequest
INFO: HTTP/1.1
Mar 02, 2021 9:13:12 PM HTTPServer.HTTPServer parseRequest
INFO: Successfully created request builder.
Mar 02, 2021 9:13:12 PM HTTPServer.HTTPServer parseRequest
INFO: Done with header fields
Mar 02, 2021 9:13:12 PM HTTPServer.HTTPServer parseRequest
INFO: Body string is blank, nothing to add.
Mar 02, 2021 9:13:12 PM HTTPServer.HTTPServer parseRequest
INFO: Printing request.toString:
ABC / HTTP/1.1 
Host: localhost


Mar 02, 2021 9:13:12 PM HTTPServer.HTTPServer formatResponse
INFO: Not implemented
Mar 02, 2021 9:13:12 PM HTTPServer.HTTPServer handleNYIRequest
INFO: Building response
Mar 02, 2021 9:13:12 PM HTTPServer.HTTPServer formatContentHeaders
INFO: Content-type from probe: text/html
Mar 02, 2021 9:13:12 PM HTTPServer.HTTPServer formatResponseBody
INFO: Adding response body
Mar 02, 2021 9:13:12 PM HTTPServer.HTTPServer runServer
INFO: Response Returned.
Mar 02, 2021 9:13:56 PM HTTPServer.HTTPServer main
INFO: Server started.... 
 Port is open on 8080
Mar 02, 2021 9:14:20 PM HTTPServer.HTTPServer main
INFO: Connection established on date: Tue Mar 02 21:14:20 CET 2021

Mar 02, 2021 9:14:20 PM HTTPServer.HTTPServer parseRequest
INFO: abc
Mar 02, 2021 9:14:20 PM HTTPServer.HTTPServer parseRequest
INFO: /
Mar 02, 2021 9:14:20 PM HTTPServer.HTTPServer parseRequest
INFO: HTTP/1.1
Mar 02, 2021 9:14:20 PM HTTPServer.HTTPServer parseRequest
INFO: Successfully created request builder.
Mar 02, 2021 9:14:20 PM HTTPServer.HTTPServer parseRequest
INFO: Done with header fields
Mar 02, 2021 9:14:20 PM HTTPServer.HTTPServer parseRequest
INFO: Body string is blank, nothing to add.
Mar 02, 2021 9:14:20 PM HTTPServer.HTTPServer parseRequest
INFO: Printing request.toString:
ABC / HTTP/1.1 
Host: localhost


Mar 02, 2021 9:14:20 PM HTTPServer.HTTPServer formatResponse
INFO: Not implemented
Mar 02, 2021 9:14:20 PM HTTPServer.HTTPServer handleNYIRequest
INFO: Building response
Mar 02, 2021 9:14:20 PM HTTPServer.HTTPServer formatContentHeaders
INFO: Content-type from probe: text/html
Mar 02, 2021 9:14:20 PM HTTPServer.HTTPServer formatResponseBody
INFO: Adding response body
Mar 02, 2021 9:14:20 PM HTTPServer.HTTPServer runServer
INFO: Response Returned.
Mar 02, 2021 9:19:06 PM HTTPServer.HTTPServer main
INFO: Server started.... 
 Port is open on 8080
Mar 02, 2021 9:19:08 PM HTTPServer.HTTPServer main
INFO: Connection established on date: Tue Mar 02 21:19:08 CET 2021

Mar 02, 2021 9:19:08 PM HTTPServer.HTTPServer parseRequest
INFO: abc
Mar 02, 2021 9:19:08 PM HTTPServer.HTTPServer parseRequest
INFO: /
Mar 02, 2021 9:19:08 PM HTTPServer.HTTPServer parseRequest
INFO: HTTP/1.1
Mar 02, 2021 9:19:08 PM HTTPServer.HTTPServer parseRequest
INFO: Successfully created request builder.
Mar 02, 2021 9:19:08 PM HTTPServer.HTTPServer parseRequest
INFO: Done with header fields
Mar 02, 2021 9:19:08 PM HTTPServer.HTTPServer parseRequest
INFO: Body string is blank, nothing to add.
Mar 02, 2021 9:19:08 PM HTTPServer.HTTPServer parseRequest
INFO: Printing request.toString:
ABC / HTTP/1.1 
Host: localhost


Mar 02, 2021 9:19:08 PM HTTPServer.HTTPServer formatResponse
INFO: Not implemented
Mar 02, 2021 9:19:08 PM HTTPServer.HTTPServer handleNYIRequest
INFO: Building response
Mar 02, 2021 9:19:08 PM HTTPServer.HTTPServer formatContentHeaders
INFO: Content-type from probe: text/html
Mar 02, 2021 9:19:08 PM HTTPServer.HTTPServer formatResponseBody
INFO: Adding response body
Mar 02, 2021 9:19:08 PM HTTPServer.HTTPServer runServer
INFO: Response Returned.
Mar 02, 2021 9:24:09 PM HTTPServer.HTTPServer main
INFO: Server started.... 
 Port is open on 8080
Mar 02, 2021 9:27:38 PM HTTPServer.HTTPServer main
INFO: Server started.... 
 Port is open on 8080
Mar 02, 2021 9:27:40 PM HTTPServer.HTTPServer main
INFO: Connection established on date: Tue Mar 02 21:27:40 CET 2021

Mar 02, 2021 9:27:40 PM HTTPServer.HTTPServer parseRequest
INFO: abc
Mar 02, 2021 9:27:40 PM HTTPServer.HTTPServer parseRequest
INFO: /
Mar 02, 2021 9:27:40 PM HTTPServer.HTTPServer parseRequest
INFO: HTTP/1.1
Mar 02, 2021 9:27:40 PM HTTPServer.HTTPServer parseRequest
INFO: Successfully created request builder.
Mar 02, 2021 9:27:40 PM HTTPServer.HTTPServer parseRequest
INFO: Done with header fields
Mar 02, 2021 9:27:40 PM HTTPServer.HTTPServer parseRequest
INFO: Body string is blank, nothing to add.
Mar 02, 2021 9:27:40 PM HTTPServer.HTTPServer parseRequest
INFO: Printing request.toString:
ABC / HTTP/1.1 
Host: localhost


Mar 02, 2021 9:27:40 PM HTTPServer.HTTPServer formatResponse
INFO: Not implemented
Mar 02, 2021 9:27:40 PM HTTPServer.HTTPServer handleNYIRequest
INFO: Building response
Mar 02, 2021 9:27:40 PM HTTPServer.HTTPServer formatContentHeaders
INFO: Content-type from probe: text/html
Mar 02, 2021 9:27:40 PM HTTPServer.HTTPServer formatResponseBody
INFO: Adding response body
Mar 02, 2021 9:27:40 PM HTTPServer.HTTPServer runServer
INFO: Response Returned.
Mar 02, 2021 9:29:23 PM HTTPServer.HTTPServer main
INFO: Server started.... 
 Port is open on 8080
Mar 02, 2021 9:29:25 PM HTTPServer.HTTPServer main
INFO: Connection established on date: Tue Mar 02 21:29:25 CET 2021

Mar 02, 2021 9:29:25 PM HTTPServer.HTTPServer parseRequest
INFO: abc
Mar 02, 2021 9:29:25 PM HTTPServer.HTTPServer parseRequest
INFO: /
Mar 02, 2021 9:29:25 PM HTTPServer.HTTPServer parseRequest
INFO: HTTP/1.1
Mar 02, 2021 9:29:25 PM HTTPServer.HTTPServer parseRequest
INFO: Successfully created request builder.
Mar 02, 2021 9:29:25 PM HTTPServer.HTTPServer parseRequest
INFO: Done with header fields
Mar 02, 2021 9:29:25 PM HTTPServer.HTTPServer parseRequest
INFO: Body string is blank, nothing to add.
Mar 02, 2021 9:29:25 PM HTTPServer.HTTPServer parseRequest
INFO: Printing request.toString:
ABC / HTTP/1.1 
Host: localhost


Mar 02, 2021 9:29:25 PM HTTPServer.HTTPServer formatResponse
INFO: Not implemented
Mar 02, 2021 9:29:25 PM HTTPServer.HTTPServer handleNYIRequest
INFO: Building response
Mar 02, 2021 9:29:25 PM HTTPServer.HTTPServer formatContentHeaders
INFO: Content-type from probe: text/html
Mar 02, 2021 9:29:25 PM HTTPServer.HTTPServer formatResponseBody
INFO: Adding response body
Mar 02, 2021 9:29:25 PM HTTPServer.HTTPServer runServer
INFO: Response Returned.
Mar 02, 2021 9:30:34 PM HTTPServer.HTTPServer main
INFO: Server started.... 
 Port is open on 8080
Mar 02, 2021 9:30:36 PM HTTPServer.HTTPServer main
INFO: Connection established on date: Tue Mar 02 21:30:36 CET 2021

Mar 02, 2021 9:30:36 PM HTTPServer.HTTPServer parseRequest
INFO: abc
Mar 02, 2021 9:30:36 PM HTTPServer.HTTPServer parseRequest
INFO: /
Mar 02, 2021 9:30:36 PM HTTPServer.HTTPServer parseRequest
INFO: HTTP/1.1
Mar 02, 2021 9:30:36 PM HTTPServer.HTTPServer parseRequest
INFO: Successfully created request builder.
Mar 02, 2021 9:30:36 PM HTTPServer.HTTPServer parseRequest
INFO: Done with header fields
Mar 02, 2021 9:30:36 PM HTTPServer.HTTPServer parseRequest
INFO: Body string is blank, nothing to add.
Mar 02, 2021 9:30:36 PM HTTPServer.HTTPServer parseRequest
INFO: Printing request.toString:
ABC / HTTP/1.1 
Host: localhost


Mar 02, 2021 9:30:36 PM HTTPServer.HTTPServer formatResponse
INFO: Not implemented
Mar 02, 2021 9:30:36 PM HTTPServer.HTTPServer handleNYIRequest
INFO: Building response
Mar 02, 2021 9:30:37 PM HTTPServer.HTTPServer formatContentHeaders
INFO: Content-type from probe: text/html
Mar 02, 2021 9:30:37 PM HTTPServer.HTTPServer formatResponseBody
INFO: Adding response body
Mar 02, 2021 9:30:37 PM HTTPServer.HTTPServer runServer
INFO: Response Returned.
Mar 02, 2021 9:32:40 PM HTTPServer.HTTPServer main
INFO: Server started.... 
 Port is open on 8080
Mar 02, 2021 9:32:42 PM HTTPServer.HTTPServer main
INFO: Connection established on date: Tue Mar 02 21:32:42 CET 2021

Mar 02, 2021 9:32:42 PM HTTPServer.HTTPServer parseRequest
INFO: abc
Mar 02, 2021 9:32:42 PM HTTPServer.HTTPServer parseRequest
INFO: /
Mar 02, 2021 9:32:42 PM HTTPServer.HTTPServer parseRequest
INFO: HTTP/1.1
Mar 02, 2021 9:32:42 PM HTTPServer.HTTPServer parseRequest
INFO: Successfully created request builder.
Mar 02, 2021 9:32:42 PM HTTPServer.HTTPServer parseRequest
INFO: Done with header fields
Mar 02, 2021 9:32:42 PM HTTPServer.HTTPServer parseRequest
INFO: Body string is blank, nothing to add.
Mar 02, 2021 9:32:42 PM HTTPServer.HTTPServer parseRequest
INFO: Printing request.toString:
ABC / HTTP/1.1 
Host: localhost


Mar 02, 2021 9:32:42 PM HTTPServer.HTTPServer formatResponse
INFO: Not implemented
Mar 02, 2021 9:32:42 PM HTTPServer.HTTPServer handleNYIRequest
INFO: Building response
Mar 02, 2021 9:32:42 PM HTTPServer.HTTPServer formatContentHeaders
INFO: Content-type from probe: text/html
Mar 02, 2021 9:32:42 PM HTTPServer.HTTPServer formatResponseBody
INFO: Adding response body
Mar 02, 2021 9:32:42 PM HTTPServer.HTTPServer runServer
INFO: Response Returned.
Mar 02, 2021 9:33:52 PM HTTPServer.HTTPServer main
INFO: Server started.... 
 Port is open on 8080
Mar 02, 2021 9:33:54 PM HTTPServer.HTTPServer main
INFO: Connection established on date: Tue Mar 02 21:33:54 CET 2021

Mar 02, 2021 9:33:54 PM HTTPServer.HTTPServer parseRequest
INFO: abc
Mar 02, 2021 9:33:54 PM HTTPServer.HTTPServer parseRequest
INFO: /
Mar 02, 2021 9:33:54 PM HTTPServer.HTTPServer parseRequest
INFO: HTTP/1.1
Mar 02, 2021 9:33:54 PM HTTPServer.HTTPServer parseRequest
INFO: Successfully created request builder.
Mar 02, 2021 9:33:54 PM HTTPServer.HTTPServer parseRequest
INFO: Done with header fields
Mar 02, 2021 9:33:54 PM HTTPServer.HTTPServer parseRequest
INFO: Body string is blank, nothing to add.
Mar 02, 2021 9:33:54 PM HTTPServer.HTTPServer parseRequest
INFO: Printing request.toString:
ABC / HTTP/1.1 
Host: localhost


Mar 02, 2021 9:33:54 PM HTTPServer.HTTPServer formatResponse
INFO: Not implemented
Mar 02, 2021 9:33:54 PM HTTPServer.HTTPServer handleNYIRequest
INFO: Building response
Mar 02, 2021 9:33:54 PM HTTPServer.HTTPServer formatContentHeaders
INFO: Content-type from probe: text/html
Mar 02, 2021 9:33:54 PM HTTPServer.HTTPServer formatResponseBody
INFO: Adding response body
Mar 02, 2021 9:33:54 PM HTTPServer.HTTPServer runServer
INFO: Response Returned.
Mar 02, 2021 9:34:13 PM HTTPServer.HTTPServer main
INFO: Server started.... 
 Port is open on 8080
Mar 02, 2021 9:34:15 PM HTTPServer.HTTPServer main
INFO: Connection established on date: Tue Mar 02 21:34:15 CET 2021

Mar 02, 2021 9:34:15 PM HTTPServer.HTTPServer parseRequest
INFO: abc
Mar 02, 2021 9:34:15 PM HTTPServer.HTTPServer parseRequest
INFO: /
Mar 02, 2021 9:34:15 PM HTTPServer.HTTPServer parseRequest
INFO: HTTP/1.1
Mar 02, 2021 9:34:15 PM HTTPServer.HTTPServer parseRequest
INFO: Successfully created request builder.
Mar 02, 2021 9:34:15 PM HTTPServer.HTTPServer parseRequest
INFO: Done with header fields
Mar 02, 2021 9:34:15 PM HTTPServer.HTTPServer parseRequest
INFO: Body string is blank, nothing to add.
Mar 02, 2021 9:34:15 PM HTTPServer.HTTPServer parseRequest
INFO: Printing request.toString:
ABC / HTTP/1.1 
Host: localhost


Mar 02, 2021 9:34:15 PM HTTPServer.HTTPServer formatResponse
INFO: Not implemented
Mar 02, 2021 9:34:15 PM HTTPServer.HTTPServer handleNYIRequest
INFO: Building response
Mar 02, 2021 9:34:15 PM HTTPServer.HTTPServer formatContentHeaders
INFO: Content-type from probe: text/html
Mar 02, 2021 9:34:16 PM HTTPServer.HTTPServer formatResponseBody
INFO: Adding response body
Mar 02, 2021 9:34:16 PM HTTPServer.HTTPServer runServer
INFO: Response Returned.
Mar 02, 2021 9:46:47 PM HTTPServer.HTTPServer main
INFO: Server started.... 
 Port is open on 8080
Mar 02, 2021 9:46:51 PM HTTPServer.HTTPServer main
INFO: Connection established on date: Tue Mar 02 21:46:51 CET 2021

Mar 02, 2021 9:46:51 PM HTTPServer.HTTPServer parseRequest
INFO: abc
Mar 02, 2021 9:46:51 PM HTTPServer.HTTPServer parseRequest
INFO: /
Mar 02, 2021 9:46:51 PM HTTPServer.HTTPServer parseRequest
INFO: HTTP/1.1
Mar 02, 2021 9:46:51 PM HTTPServer.HTTPServer parseRequest
INFO: Successfully created request builder.
Mar 02, 2021 9:46:51 PM HTTPServer.HTTPServer parseRequest
INFO: Done with header fields
Mar 02, 2021 9:46:51 PM HTTPServer.HTTPServer parseRequest
INFO: Body string is blank, nothing to add.
Mar 02, 2021 9:46:51 PM HTTPServer.HTTPServer parseRequest
INFO: Printing request.toString:
ABC / HTTP/1.1 
Host: localhost


Mar 02, 2021 9:46:51 PM HTTPServer.HTTPServer formatResponse
INFO: Not implemented
Mar 02, 2021 9:46:51 PM HTTPServer.HTTPServer handleNYIRequest
INFO: Building response
Mar 02, 2021 9:46:51 PM HTTPServer.HTTPServer formatContentHeaders
INFO: Content-type from probe: text/html
Mar 02, 2021 9:46:51 PM HTTPServer.HTTPServer formatResponseBody
INFO: Adding response body
Mar 02, 2021 9:46:51 PM HTTPServer.HTTPServer runServer
INFO: Response Returned.
